<?xml version="1.0" encoding="UTF-8"?>
<robot generator="Robot 7.2.2 (Python 3.8.10 on win32)" generated="2025-05-26T19:50:54.396591" rpa="false" schemaversion="5">
<suite id="s1" name="robotFrameworkProject" source="C:\Users\alyth\pythonproject\robotFrameworkProject">
<suite id="s1-s1" name="Tests" source="C:\Users\alyth\pythonproject\robotFrameworkProject\tests">
<suite id="s1-s1-s1" name="testConnexion" source="C:\Users\alyth\pythonproject\robotFrameworkProject\tests\testConnexion.robot">
<test id="s1-s1-s1-t1" name="Accés à la page d'accueil Machallah transport" line="7">
<kw name="Open Browser" owner="SeleniumLibrary">
<msg time="2025-05-26T19:50:55.072230" level="INFO">Opening browser 'firefox' to base url 'http://recette-front.machallahtravels.com/ chrome'.</msg>
<arg>${URL} ${BROWSER}</arg>
<doc>Opens a new browser instance to the optional ``url``.</doc>
<status status="PASS" start="2025-05-26T19:50:55.072230" elapsed="10.738908"/>
</kw>
<kw name="Page Should Contain" owner="SeleniumLibrary">
<msg time="2025-05-26T19:51:05.858870" level="INFO">Current page contains text 'Machallah'.</msg>
<arg>Machallah</arg>
<doc>Verifies that current page contains ``text``.</doc>
<status status="PASS" start="2025-05-26T19:51:05.813275" elapsed="0.045595"/>
</kw>
<kw name="Close Browser" owner="SeleniumLibrary">
<doc>Closes the current browser.</doc>
<status status="PASS" start="2025-05-26T19:51:05.858870" elapsed="2.918046"/>
</kw>
<status status="PASS" start="2025-05-26T19:50:55.070826" elapsed="13.708088"/>
</test>
<doc>Verifier la page de Machallah</doc>
<status status="PASS" start="2025-05-26T19:50:54.440435" elapsed="14.343459"/>
</suite>
<status status="PASS" start="2025-05-26T19:50:54.438505" elapsed="14.353366"/>
</suite>
<status status="PASS" start="2025-05-26T19:50:54.398520" elapsed="14.402375"/>
</suite>
<statistics>
<total>
<stat pass="1" fail="0" skip="0">All Tests</stat>
</total>
<tag>
</tag>
<suite>
<stat name="robotFrameworkProject" id="s1" pass="1" fail="0" skip="0">robotFrameworkProject</stat>
<stat name="Tests" id="s1-s1" pass="1" fail="0" skip="0">robotFrameworkProject.Tests</stat>
<stat name="testConnexion" id="s1-s1-s1" pass="1" fail="0" skip="0">robotFrameworkProject.Tests.testConnexion</stat>
</suite>
</statistics>
<errors>
</errors>
</robot>
